============================================================
  Generated by:           Genus Synthesis Solution GENUS15.12 - 15.10-s019_1
  Generated on:           Dec 04 2023  09:47:56 pm
  Module:                 MC_MIPS_Programmed_TL
  Technology library:     gscl45nm 
  Operating conditions:   typical (balanced_tree)
  Wireload mode:          enclosed
  Area mode:              timing library
============================================================

                               Leakage    Dynamic     Total   
       Instance        Cells  Power(nW)  Power(nW)  Power(nW) 
--------------------------------------------------------------
MC_MIPS_Programmed_TL  13391 243660.068 110920.533 354580.600 
  memory               12236 224473.185 102614.193 327087.378 
  registers              467   7707.545   2906.963  10614.507 
  instruction_register   130   2467.387    889.624   3357.011 
  control                145   2370.868    353.968   2724.836 
  alu                    165   2188.057    658.365   2846.422 
  pc                      35    845.671    315.117   1160.788 
  a_reg                   17    566.408     38.857    605.265 
  aluout                  17    566.408    245.571    811.979 
  b_reg                   17    566.408     38.857    605.265 
  memory_data_register    17    566.408    154.491    720.899 
  pcsource                36    295.424     71.620    367.045 
  alusrcb                 27    251.286      0.000    251.286 
  alu_controller          21    181.393     35.105    216.498 
  alusca                  16    162.335     75.765    238.100 
  iord                    16    162.335     86.168    248.504 
  memtoreg                16    162.335    200.073    362.409 
  regdst                  10    101.460      0.000    101.460 
  bl                       3     25.155      0.000     25.155 

