============================================================
  Generated by:           Genus Synthesis Solution GENUS15.12 - 15.10-s019_1
  Generated on:           Dec 04 2023  09:47:56 pm
  Module:                 MC_MIPS_Programmed_TL
  Technology library:     gscl45nm 
  Operating conditions:   typical (balanced_tree)
  Wireload mode:          enclosed
  Area mode:              timing library
============================================================

       Instance         Cells  Cell Area  Net Area  Total Area  Wireload     
-----------------------------------------------------------------------------
MC_MIPS_Programmed_TL   13391      44902         0       44902    <none> (D) 
  memory                12236      41318         0       41318    <none> (D) 
  registers               467       1436         0        1436    <none> (D) 
  control                 145        459         0         459    <none> (D) 
  instruction_register    130        449         0         449    <none> (D) 
  alu                     165        412         0         412    <none> (D) 
  pc                       35        143         0         143    <none> (D) 
  memory_data_register     17         84         0          84    <none> (D) 
  b_reg                    17         84         0          84    <none> (D) 
  aluout                   17         84         0          84    <none> (D) 
  a_reg                    17         84         0          84    <none> (D) 
  pcsource                 36         84         0          84    <none> (D) 
  alusrcb                  27         62         0          62    <none> (D) 
  alu_controller           21         47         0          47    <none> (D) 
  memtoreg                 16         41         0          41    <none> (D) 
  iord                     16         41         0          41    <none> (D) 
  alusca                   16         41         0          41    <none> (D) 
  regdst                   10         26         0          26    <none> (D) 
  bl                        3          7         0           7    <none> (D) 

 (D) = wireload is default in technology library
